<?xml version="1.0" encoding="UTF-8"?>
<testsuite name="HelloWorldTest" tests="1" skipped="0" failures="0" errors="0" timestamp="2023-03-08T11:55:49" hostname="DESKTOP-BR7S7KE" time="0.02">
  <properties/>
  <testcase name="helloWorldTest" classname="HelloWorldTest" time="0.02"/>
  <system-out><![CDATA[]]></system-out>
  <system-err><![CDATA[]]></system-err>
</testsuite>
